# JRE version: OpenJDK Runtime Environment (7.0_95) (build 1.7.0_95-b00)
# Java VM: OpenJDK 64-Bit Server VM (24.95-b01 mixed mode linux-amd64 compressed oops)
Heap
 PSYoungGen      total 269824K, used 210561K [0x00000007d6c80000, 0x00000007e9180000, 0x0000000800000000)
  eden space 253440K, 76% used [0x00000007d6c80000,0x00000007e2a24500,0x00000007e6400000)
  from space 16384K, 99% used [0x00000007e7880000,0x00000007e887c040,0x00000007e8880000)
  to   space 20992K, 0% used [0x00000007e6400000,0x00000007e6400000,0x00000007e7880000)
 ParOldGen       total 83968K, used 19671K [0x0000000784600000, 0x0000000789800000, 0x00000007d6c80000)
  object space 83968K, 23% used [0x0000000784600000,0x0000000785935d80,0x0000000789800000)
 PSPermGen       total 28672K, used 28310K [0x000000077a000000, 0x000000077bc00000, 0x0000000784600000)
  object space 28672K, 98% used [0x000000077a000000,0x000000077bba59d8,0x000000077bc00000)
GC Heap History (10 events):
Event: 2.745 GC heap before
{Heap before GC invocations=4 (full 0):
 PSYoungGen      total 37376K, used 37365K [0x00000007d6c80000, 0x00000007db580000, 0x0000000800000000)
  eden space 32256K, 100% used [0x00000007d6c80000,0x00000007d8c00000,0x00000007d8c00000)
  from space 5120K, 99% used [0x00000007d8c00000,0x00000007d90fd7f8,0x00000007d9100000)
  to   space 5120K, 0% used [0x00000007db080000,0x00000007db080000,0x00000007db580000)
 ParOldGen       total 83968K, used 3073K [0x0000000784600000, 0x0000000789800000, 0x00000007d6c80000)
  object space 83968K, 3% used [0x0000000784600000,0x0000000784900600,0x0000000789800000)
 PSPermGen       total 21504K, used 13148K [0x000000077a000000, 0x000000077b500000, 0x0000000784600000)
  object space 21504K, 61% used [0x000000077a000000,0x000000077acd7008,0x000000077b500000)
Event: 2.759 GC heap after
Heap after GC invocations=4 (full 0):
 PSYoungGen      total 69632K, used 5109K [0x00000007d6c80000, 0x00000007db580000, 0x0000000800000000)
  eden space 64512K, 0% used [0x00000007d6c80000,0x00000007d6c80000,0x00000007dab80000)
  from space 5120K, 99% used [0x00000007db080000,0x00000007db57d710,0x00000007db580000)
  to   space 5120K, 0% used [0x00000007dab80000,0x00000007dab80000,0x00000007db080000)
 ParOldGen       total 83968K, used 5326K [0x0000000784600000, 0x0000000789800000, 0x00000007d6c80000)
  object space 83968K, 6% used [0x0000000784600000,0x0000000784b33a80,0x0000000789800000)
 PSPermGen       total 21504K, used 13148K [0x000000077a000000, 0x000000077b500000, 0x0000000784600000)
  object space 21504K, 61% used [0x000000077a000000,0x000000077acd7008,0x000000077b500000)
}
Event: 3.422 GC heap before
{Heap before GC invocations=5 (full 0):
 PSYoungGen      total 69632K, used 69621K [0x00000007d6c80000, 0x00000007db580000, 0x0000000800000000)
  eden space 64512K, 100% used [0x00000007d6c80000,0x00000007dab80000,0x00000007dab80000)
  from space 5120K, 99% used [0x00000007db080000,0x00000007db57d710,0x00000007db580000)
  to   space 5120K, 0% used [0x00000007dab80000,0x00000007dab80000,0x00000007db080000)
 ParOldGen       total 83968K, used 5326K [0x0000000784600000, 0x0000000789800000, 0x00000007d6c80000)
  object space 83968K, 6% used [0x0000000784600000,0x0000000784b33a80,0x0000000789800000)
 PSPermGen       total 21504K, used 16749K [0x000000077a000000, 0x000000077b500000, 0x0000000784600000)
  object space 21504K, 77% used [0x000000077a000000,0x000000077b05b418,0x000000077b500000)
Event: 3.440 GC heap after
Heap after GC invocations=5 (full 0):
 PSYoungGen      total 69632K, used 5109K [0x00000007d6c80000, 0x00000007e0280000, 0x0000000800000000)
  eden space 64512K, 0% used [0x00000007d6c80000,0x00000007d6c80000,0x00000007dab80000)
  from space 5120K, 99% used [0x00000007dab80000,0x00000007db07d6f0,0x00000007db080000)
  to   space 12288K, 0% used [0x00000007df680000,0x00000007df680000,0x00000007e0280000)
 ParOldGen       total 83968K, used 10782K [0x0000000784600000, 0x0000000789800000, 0x00000007d6c80000)
  object space 83968K, 12% used [0x0000000784600000,0x0000000785087ab8,0x0000000789800000)
 PSPermGen       total 21504K, used 16749K [0x000000077a000000, 0x000000077b500000, 0x0000000784600000)
  object space 21504K, 77% used [0x000000077a000000,0x000000077b05b418,0x000000077b500000)
}
Event: 3.827 GC heap before
{Heap before GC invocations=6 (full 0):
 PSYoungGen      total 69632K, used 69621K [0x00000007d6c80000, 0x00000007e0280000, 0x0000000800000000)
  eden space 64512K, 100% used [0x00000007d6c80000,0x00000007dab80000,0x00000007dab80000)
  from space 5120K, 99% used [0x00000007dab80000,0x00000007db07d6f0,0x00000007db080000)
  to   space 12288K, 0% used [0x00000007df680000,0x00000007df680000,0x00000007e0280000)
 ParOldGen       total 83968K, used 10782K [0x0000000784600000, 0x0000000789800000, 0x00000007d6c80000)
  object space 83968K, 12% used [0x0000000784600000,0x0000000785087ab8,0x0000000789800000)
 PSPermGen       total 21504K, used 17926K [0x000000077a000000, 0x000000077b500000, 0x0000000784600000)
  object space 21504K, 83% used [0x000000077a000000,0x000000077b181908,0x000000077b500000)
Event: 3.850 GC heap after
Heap after GC invocations=6 (full 0):
 PSYoungGen      total 141312K, used 9003K [0x00000007d6c80000, 0x00000007e0280000, 0x0000000800000000)
  eden space 129024K, 0% used [0x00000007d6c80000,0x00000007d6c80000,0x00000007dea80000)
  from space 12288K, 73% used [0x00000007df680000,0x00000007dff4ad38,0x00000007e0280000)
  to   space 12288K, 0% used [0x00000007dea80000,0x00000007dea80000,0x00000007df680000)
 ParOldGen       total 83968K, used 10782K [0x0000000784600000, 0x0000000789800000, 0x00000007d6c80000)
  object space 83968K, 12% used [0x0000000784600000,0x0000000785087ab8,0x0000000789800000)
 PSPermGen       total 21504K, used 17926K [0x000000077a000000, 0x000000077b500000, 0x0000000784600000)
  object space 21504K, 83% used [0x000000077a000000,0x000000077b181908,0x000000077b500000)
}
Event: 4.863 GC heap before
{Heap before GC invocations=7 (full 0):
 PSYoungGen      total 141312K, used 138027K [0x00000007d6c80000, 0x00000007e0280000, 0x0000000800000000)
  eden space 129024K, 100% used [0x00000007d6c80000,0x00000007dea80000,0x00000007dea80000)
  from space 12288K, 73% used [0x00000007df680000,0x00000007dff4ad38,0x00000007e0280000)
  to   space 12288K, 0% used [0x00000007dea80000,0x00000007dea80000,0x00000007df680000)
 ParOldGen       total 83968K, used 10782K [0x0000000784600000, 0x0000000789800000, 0x00000007d6c80000)
  object space 83968K, 12% used [0x0000000784600000,0x0000000785087ab8,0x0000000789800000)
 PSPermGen       total 23040K, used 23027K [0x000000077a000000, 0x000000077b680000, 0x0000000784600000)
  object space 23040K, 99% used [0x000000077a000000,0x000000077b67ce68,0x000000077b680000)
Event: 4.900 GC heap after
Heap after GC invocations=7 (full 0):
 PSYoungGen      total 141312K, used 12285K [0x00000007d6c80000, 0x00000007e8880000, 0x0000000800000000)
  eden space 129024K, 0% used [0x00000007d6c80000,0x00000007d6c80000,0x00000007dea80000)
  from space 12288K, 99% used [0x00000007dea80000,0x00000007df67f550,0x00000007df680000)
  to   space 16384K, 0% used [0x00000007e7880000,0x00000007e7880000,0x00000007e8880000)
 ParOldGen       total 83968K, used 14783K [0x0000000784600000, 0x0000000789800000, 0x00000007d6c80000)
  object space 83968K, 17% used [0x0000000784600000,0x000000078546fe88,0x0000000789800000)
 PSPermGen       total 23040K, used 23027K [0x000000077a000000, 0x000000077b680000, 0x0000000784600000)
  object space 23040K, 99% used [0x000000077a000000,0x000000077b67ce68,0x000000077b680000)
}
Event: 5.773 GC heap before
{Heap before GC invocations=8 (full 0):
 PSYoungGen      total 141312K, used 141309K [0x00000007d6c80000, 0x00000007e8880000, 0x0000000800000000)
  eden space 129024K, 100% used [0x00000007d6c80000,0x00000007dea80000,0x00000007dea80000)
  from space 12288K, 99% used [0x00000007dea80000,0x00000007df67f550,0x00000007df680000)
  to   space 16384K, 0% used [0x00000007e7880000,0x00000007e7880000,0x00000007e8880000)
 ParOldGen       total 83968K, used 14783K [0x0000000784600000, 0x0000000789800000, 0x00000007d6c80000)
  object space 83968K, 17% used [0x0000000784600000,0x000000078546fe88,0x0000000789800000)
 PSPermGen       total 26112K, used 25775K [0x000000077a000000, 0x000000077b980000, 0x0000000784600000)
  object space 26112K, 98% used [0x000000077a000000,0x000000077b92be28,0x000000077b980000)
Event: 5.813 GC heap after
Heap after GC invocations=8 (full 0):
 PSYoungGen      total 269824K, used 16368K [0x00000007d6c80000, 0x00000007e9180000, 0x0000000800000000)
  eden space 253440K, 0% used [0x00000007d6c80000,0x00000007d6c80000,0x00000007e6400000)
  from space 16384K, 99% used [0x00000007e7880000,0x00000007e887c040,0x00000007e8880000)
  to   space 20992K, 0% used [0x00000007e6400000,0x00000007e6400000,0x00000007e7880000)
 ParOldGen       total 83968K, used 19671K [0x0000000784600000, 0x0000000789800000, 0x00000007d6c80000)
  object space 83968K, 23% used [0x0000000784600000,0x0000000785935d80,0x0000000789800000)
 PSPermGen       total 26112K, used 25775K [0x000000077a000000, 0x000000077b980000, 0x0000000784600000)
  object space 26112K, 98% used [0x000000077a000000,0x000000077b92be28,0x000000077b980000)
}

